-------------------------------------------------------------------------------
Test set: runner.TestRunner
-------------------------------------------------------------------------------
Tests run: 36, Failures: 4, Errors: 0, Skipped: 0, Time elapsed: 16.611 sec <<< FAILURE!
TC02 - Add a new category using id and name(Operations to blog category)  Time elapsed: 1.851 sec  <<< FAILURE!
org.junit.ComparisonFailure: expected:<[G]ardening> but was:<[]ardening>
	at org.junit.Assert.assertEquals(Assert.java:117)
	at org.junit.Assert.assertEquals(Assert.java:146)
	at steps.blogCategories.checkGetResponseForTheNameOfhIdToBe(blogCategories.java:105)
	at ?.check get list of categories response for the name of the item with id 4 to be "Gardening"(file:///C:/Users/Krishna/eclipse-workspace/LumiraDXblogAPI/src/test/resources/featureFiles/blogCategory.feature:15)

TC02 - Add a new category using id and name(Operations to blog category)  Time elapsed: 0.808 sec  <<< FAILURE!
org.junit.ComparisonFailure: expected:<[S]ports> but was:<[]ports>
	at org.junit.Assert.assertEquals(Assert.java:117)
	at org.junit.Assert.assertEquals(Assert.java:146)
	at steps.blogCategories.checkGetResponseForTheNameOfhIdToBe(blogCategories.java:105)
	at ?.check get list of categories response for the name of the item with id 5 to be "Sports"(file:///C:/Users/Krishna/eclipse-workspace/LumiraDXblogAPI/src/test/resources/featureFiles/blogCategory.feature:15)

TC03 - Add a new category using name(Operations to blog category)  Time elapsed: 0.478 sec  <<< FAILURE!
org.junit.ComparisonFailure: expected:<[N]ature> but was:<[]ature>
	at org.junit.Assert.assertEquals(Assert.java:117)
	at org.junit.Assert.assertEquals(Assert.java:146)
	at steps.blogCategories.checkIfAddedNameIsCorrect(blogCategories.java:40)
	at ?.check get list of categories response for the name of the last item to be "Nature"(file:///C:/Users/Krishna/eclipse-workspace/LumiraDXblogAPI/src/test/resources/featureFiles/blogCategory.feature:27)

TC14 - Returns list of blog posts(Operations to blog posts)  Time elapsed: 0.266 sec  <<< FAILURE!
java.lang.AssertionError: expected:<2> but was:<1>
	at org.junit.Assert.fail(Assert.java:89)
	at org.junit.Assert.failNotEquals(Assert.java:835)
	at org.junit.Assert.assertEquals(Assert.java:647)
	at org.junit.Assert.assertEquals(Assert.java:633)
	at steps.listsOfBlogPosts.checkResponseForTotalPostsTotalPages(listsOfBlogPosts.java:24)
	at ?.check response for 2 , 2 and totalPages(file:///C:/Users/Krishna/eclipse-workspace/LumiraDXblogAPI/src/test/resources/featureFiles/blogPosts.feature:18)

