<?xml version="1.0" encoding="UTF-8"?>
<testng-results ignored="0" total="1" passed="1" failed="0" skipped="0">
    <reporter-output>
    </reporter-output>
    <suite started-at="2020-06-26T12:30:35 BST" name="Default suite" finished-at="2020-06-26T12:30:39 BST"
           duration-ms="3260">
        <groups>
        </groups>
        <test started-at="2020-06-26T12:30:35 BST" name="Default test" finished-at="2020-06-26T12:30:39 BST"
              duration-ms="3260">
            <class name="blogCategoriesTests.ReturnsListOfBlogCategories">
                <test-method
                        signature="returnListofCategories()[pri:0, instance:blogCategoriesTests.ReturnsListOfBlogCategories@4b29d1d2]"
                        started-at="2020-06-26T12:30:36 BST" name="returnListofCategories"
                        finished-at="2020-06-26T12:30:39 BST" duration-ms="3163" status="PASS">
                    <reporter-output>
                    </reporter-output>
                </test-method> <!-- returnListofCategories -->
            </class> <!-- blogCategoriesTests.ReturnsListOfBlogCategories -->
        </test> <!-- Default test -->
    </suite> <!-- Default suite -->
</testng-results>
